<?xml version="1.0" encoding="UTF-8"?>
<testsuite name="com.threeq.test.dubbo.tracing.TestService1Consumer" tests="1" skipped="0" failures="0" errors="0" timestamp="2017-02-12T14:09:43" hostname="192.168.3.24" time="15.625">
  <properties/>
  <testcase name="testConsumer" classname="com.threeq.test.dubbo.tracing.TestService1Consumer" time="15.625"/>
  <system-out><![CDATA[22:09:34.831 [Test worker] DEBUG org.springframework.test.context.junit4.SpringJUnit4ClassRunner - SpringJUnit4ClassRunner constructor called with [class com.threeq.test.dubbo.tracing.TestService1Consumer]
22:09:34.836 [Test worker] DEBUG org.springframework.test.context.BootstrapUtils - Instantiating CacheAwareContextLoaderDelegate from class [org.springframework.test.context.cache.DefaultCacheAwareContextLoaderDelegate]
22:09:34.842 [Test worker] DEBUG org.springframework.test.context.BootstrapUtils - Instantiating BootstrapContext using constructor [public org.springframework.test.context.support.DefaultBootstrapContext(java.lang.Class,org.springframework.test.context.CacheAwareContextLoaderDelegate)]
22:09:34.861 [Test worker] DEBUG org.springframework.test.context.BootstrapUtils - Instantiating TestContextBootstrapper for test class [com.threeq.test.dubbo.tracing.TestService1Consumer] from class [org.springframework.test.context.support.DefaultTestContextBootstrapper]
22:09:34.910 [Test worker] DEBUG org.springframework.test.context.support.DefaultTestContextBootstrapper - Found explicit ContextLoader class [org.springframework.boot.test.SpringApplicationContextLoader] for context configuration attributes [ContextConfigurationAttributes@466bcc68 declaringClass = 'com.threeq.test.dubbo.tracing.TestService1Consumer', classes = '{class com.threeq.test.dubbo.tracing.Test0App}', locations = '{}', inheritLocations = true, initializers = '{}', inheritInitializers = true, name = 'TestService1Consumer', contextLoaderClass = 'org.springframework.boot.test.SpringApplicationContextLoader']
22:09:34.937 [Test worker] DEBUG org.springframework.test.context.support.AbstractContextLoader - Did not detect default resource location for test class [com.threeq.test.dubbo.tracing.TestService1Consumer]: class path resource [com/threeq/test/dubbo/tracing/TestService1Consumer-context.xml] does not exist
22:09:34.938 [Test worker] DEBUG org.springframework.test.context.support.AbstractContextLoader - Did not detect default resource location for test class [com.threeq.test.dubbo.tracing.TestService1Consumer]: class path resource [com/threeq/test/dubbo/tracing/TestService1ConsumerContext.groovy] does not exist
22:09:34.938 [Test worker] INFO org.springframework.test.context.support.AbstractContextLoader - Could not detect default resource locations for test class [com.threeq.test.dubbo.tracing.TestService1Consumer]: no resource found for suffixes {-context.xml, Context.groovy}.
22:09:34.945 [Test worker] DEBUG org.springframework.test.context.support.ActiveProfilesUtils - Could not find an 'annotation declaring class' for annotation type [org.springframework.test.context.ActiveProfiles] and class [com.threeq.test.dubbo.tracing.TestService1Consumer]
22:09:34.972 [Test worker] DEBUG org.springframework.test.context.support.DefaultTestContextBootstrapper - @TestExecutionListeners is not present for class [com.threeq.test.dubbo.tracing.TestService1Consumer]: using defaults.
22:09:35.076 [Test worker] INFO org.springframework.test.context.support.DefaultTestContextBootstrapper - Loaded default TestExecutionListener class names from location [META-INF/spring.factories]: [org.springframework.test.context.web.ServletTestExecutionListener, org.springframework.test.context.support.DirtiesContextBeforeModesTestExecutionListener, org.springframework.test.context.support.DependencyInjectionTestExecutionListener, org.springframework.test.context.support.DirtiesContextTestExecutionListener, org.springframework.test.context.transaction.TransactionalTestExecutionListener, org.springframework.test.context.jdbc.SqlScriptsTestExecutionListener]
22:09:35.084 [Test worker] INFO org.springframework.test.context.support.DefaultTestContextBootstrapper - Could not instantiate TestExecutionListener [org.springframework.test.context.jdbc.SqlScriptsTestExecutionListener]. Specify custom listener classes or make the default listener classes (and their required dependencies) available. Offending class: [org/springframework/transaction/interceptor/TransactionAttribute]
22:09:35.096 [Test worker] INFO org.springframework.test.context.support.DefaultTestContextBootstrapper - Could not instantiate TestExecutionListener [org.springframework.test.context.transaction.TransactionalTestExecutionListener]. Specify custom listener classes or make the default listener classes (and their required dependencies) available. Offending class: [org/springframework/transaction/interceptor/TransactionAttributeSource]
22:09:35.099 [Test worker] INFO org.springframework.test.context.support.DefaultTestContextBootstrapper - Using TestExecutionListeners: [org.springframework.test.context.web.ServletTestExecutionListener@7d419b0b, org.springframework.test.context.support.DirtiesContextBeforeModesTestExecutionListener@76b2367c, org.springframework.test.context.support.DependencyInjectionTestExecutionListener@179d3f67, org.springframework.test.context.support.DirtiesContextTestExecutionListener@7f0d56c8]
22:09:35.160 [Test worker] DEBUG org.springframework.test.annotation.ProfileValueUtils - Retrieved @ProfileValueSourceConfiguration [null] for test class [com.threeq.test.dubbo.tracing.TestService1Consumer]
22:09:35.164 [Test worker] DEBUG org.springframework.test.annotation.ProfileValueUtils - Retrieved ProfileValueSource type [class org.springframework.test.annotation.SystemProfileValueSource] for class [com.threeq.test.dubbo.tracing.TestService1Consumer]
22:09:35.182 [Test worker] DEBUG org.springframework.test.annotation.ProfileValueUtils - Retrieved @ProfileValueSourceConfiguration [null] for test class [com.threeq.test.dubbo.tracing.TestService1Consumer]
22:09:35.182 [Test worker] DEBUG org.springframework.test.annotation.ProfileValueUtils - Retrieved ProfileValueSource type [class org.springframework.test.annotation.SystemProfileValueSource] for class [com.threeq.test.dubbo.tracing.TestService1Consumer]
22:09:35.184 [Test worker] DEBUG org.springframework.test.annotation.ProfileValueUtils - Retrieved @ProfileValueSourceConfiguration [null] for test class [com.threeq.test.dubbo.tracing.TestService1Consumer]
22:09:35.184 [Test worker] DEBUG org.springframework.test.annotation.ProfileValueUtils - Retrieved ProfileValueSource type [class org.springframework.test.annotation.SystemProfileValueSource] for class [com.threeq.test.dubbo.tracing.TestService1Consumer]
22:09:35.190 [Test worker] DEBUG org.springframework.test.context.support.AbstractDirtiesContextTestExecutionListener - Before test class: context [DefaultTestContext@7ec9306c testClass = TestService1Consumer, testInstance = [null], testMethod = [null], testException = [null], mergedContextConfiguration = [MergedContextConfiguration@3df270bf testClass = TestService1Consumer, locations = '{}', classes = '{class com.threeq.test.dubbo.tracing.Test0App}', contextInitializerClasses = '[]', activeProfiles = '{}', propertySourceLocations = '{}', propertySourceProperties = '{}', contextLoader = 'org.springframework.boot.test.SpringApplicationContextLoader', parent = [null]]], class annotated with @DirtiesContext [false] with mode [null].
22:09:35.195 [Test worker] DEBUG org.springframework.test.annotation.ProfileValueUtils - Retrieved @ProfileValueSourceConfiguration [null] for test class [com.threeq.test.dubbo.tracing.TestService1Consumer]
22:09:35.195 [Test worker] DEBUG org.springframework.test.annotation.ProfileValueUtils - Retrieved ProfileValueSource type [class org.springframework.test.annotation.SystemProfileValueSource] for class [com.threeq.test.dubbo.tracing.TestService1Consumer]
22:09:35.201 [Test worker] DEBUG org.springframework.test.context.support.DependencyInjectionTestExecutionListener - Performing dependency injection for test context [[DefaultTestContext@7ec9306c testClass = TestService1Consumer, testInstance = com.threeq.test.dubbo.tracing.TestService1Consumer@5e70e117, testMethod = [null], testException = [null], mergedContextConfiguration = [MergedContextConfiguration@3df270bf testClass = TestService1Consumer, locations = '{}', classes = '{class com.threeq.test.dubbo.tracing.Test0App}', contextInitializerClasses = '[]', activeProfiles = '{}', propertySourceLocations = '{}', propertySourceProperties = '{}', contextLoader = 'org.springframework.boot.test.SpringApplicationContextLoader', parent = [null]]]].
22:09:35.314 [Test worker] DEBUG org.springframework.core.env.StandardEnvironment - Adding [systemProperties] PropertySource with lowest search precedence
22:09:35.317 [Test worker] DEBUG org.springframework.core.env.StandardEnvironment - Adding [systemEnvironment] PropertySource with lowest search precedence
22:09:35.321 [Test worker] DEBUG org.springframework.core.env.StandardEnvironment - Initialized StandardEnvironment with PropertySources [systemProperties,systemEnvironment]
22:09:35.325 [Test worker] DEBUG org.springframework.core.env.StandardEnvironment - Adding [integrationTest] PropertySource with search precedence immediately lower than [systemEnvironment]
2017-02-12 22:09:36.155  INFO [bootstrap,,,] 5054 --- [    Test worker] s.c.a.AnnotationConfigApplicationContext : Refreshing org.springframework.context.annotation.AnnotationConfigApplicationContext@c646f2b: startup date [Sun Feb 12 22:09:36 CST 2017]; root of context hierarchy
2017-02-12 22:09:36.664  INFO [bootstrap,,,] 5054 --- [    Test worker] trationDelegate$BeanPostProcessorChecker : Bean 'configurationPropertiesRebinderAutoConfiguration' of type [class org.springframework.cloud.autoconfigure.ConfigurationPropertiesRebinderAutoConfiguration$$EnhancerBySpringCGLIB$$f40b1753] is not eligible for getting processed by all BeanPostProcessors (for example: not eligible for auto-proxying)

  .   ____          _            __ _ _
 /\\ / ___'_ __ _ _(_)_ __  __ _ \ \ \ \
( ( )\___ | '_ | '_| | '_ \/ _` | \ \ \ \
 \\/  ___)| |_)| | | | | || (_| |  ) ) ) )
  '  |____| .__|_| |_|_| |_\__, | / / / /
 =========|_|==============|___/=/_/_/_/
 :: Spring Boot ::        (v1.3.6.RELEASE)

2017-02-12 22:09:37.283  INFO [-,,,] 5054 --- [    Test worker] c.t.t.d.tracing.TestService1Consumer     : No active profile set, falling back to default profiles: default
2017-02-12 22:09:37.311  INFO [-,,,] 5054 --- [    Test worker] s.c.a.AnnotationConfigApplicationContext : Refreshing org.springframework.context.annotation.AnnotationConfigApplicationContext@6bb93592: startup date [Sun Feb 12 22:09:37 CST 2017]; parent: org.springframework.context.annotation.AnnotationConfigApplicationContext@c646f2b
2017-02-12 22:09:37.999  INFO [-,,,] 5054 --- [    Test worker] o.s.b.f.xml.XmlBeanDefinitionReader      : Loading XML bean definitions from URL [file:src/test/java/resources/spring/dubbo-demo-service1-consumer.xml]
2017-02-12 22:09:38.511  WARN [-,,,] 5054 --- [    Test worker] o.s.c.a.ConfigurationClassPostProcessor  : Cannot enhance @Configuration bean definition 'refreshScope' since its singleton instance has been created too early. The typical cause is a non-static @Bean method with a BeanDefinitionRegistryPostProcessor return type: Consider declaring such methods as 'static'.
2017-02-12 22:09:38.676  INFO [-,,,] 5054 --- [    Test worker] o.s.cloud.context.scope.GenericScope     : BeanFactory id=fb4f9a53-88c7-3e69-b98c-654664656df5
2017-02-12 22:09:39.192  INFO [-,,,] 5054 --- [    Test worker] trationDelegate$BeanPostProcessorChecker : Bean 'consumer' of type [class com.alibaba.dubbo.config.ApplicationConfig] is not eligible for getting processed by all BeanPostProcessors (for example: not eligible for auto-proxying)
2017-02-12 22:09:39.200  INFO [-,,,] 5054 --- [    Test worker] trationDelegate$BeanPostProcessorChecker : Bean 'com.alibaba.dubbo.config.RegistryConfig' of type [class com.alibaba.dubbo.config.RegistryConfig] is not eligible for getting processed by all BeanPostProcessors (for example: not eligible for auto-proxying)
2017-02-12 22:09:39.202  INFO [-,,,] 5054 --- [    Test worker] trationDelegate$BeanPostProcessorChecker : Bean 'service1' of type [class com.alibaba.dubbo.config.spring.ReferenceBean] is not eligible for getting processed by all BeanPostProcessors (for example: not eligible for auto-proxying)
2017-02-12 22:09:39.216  INFO [-,,,] 5054 --- [    Test worker] trationDelegate$BeanPostProcessorChecker : Bean 'org.springframework.cloud.sleuth.instrument.async.AsyncDefaultAutoConfiguration$DefaultAsyncConfigurerSupport' of type [class org.springframework.cloud.sleuth.instrument.async.AsyncDefaultAutoConfiguration$DefaultAsyncConfigurerSupport$$EnhancerBySpringCGLIB$$1532b219] is not eligible for getting processed by all BeanPostProcessors (for example: not eligible for auto-proxying)
2017-02-12 22:09:39.318  INFO [-,,,] 5054 --- [    Test worker] trationDelegate$BeanPostProcessorChecker : Bean 'org.springframework.cloud.autoconfigure.ConfigurationPropertiesRebinderAutoConfiguration' of type [class org.springframework.cloud.autoconfigure.ConfigurationPropertiesRebinderAutoConfiguration$$EnhancerBySpringCGLIB$$f40b1753] is not eligible for getting processed by all BeanPostProcessors (for example: not eligible for auto-proxying)
2017-02-12 22:09:39.621  INFO [-,,,] 5054 --- [    Test worker] trationDelegate$BeanPostProcessorChecker : Bean 'org.springframework.cloud.autoconfigure.RefreshEndpointAutoConfiguration$InfoEndpointAutoConfiguration' of type [class org.springframework.cloud.autoconfigure.RefreshEndpointAutoConfiguration$InfoEndpointAutoConfiguration] is not eligible for getting processed by all BeanPostProcessors (for example: not eligible for auto-proxying)
2017-02-12 22:09:40.325  INFO [-,,,] 5054 --- [    Test worker] c.t.d.t.TraceDubboAutoConfiguration      : 生成dubbo span跟踪支持
2017-02-12 22:09:42.341  INFO [-,,,] 5054 --- [    Test worker] o.s.s.c.ThreadPoolTaskScheduler          : Initializing ExecutorService 
2017-02-12 22:09:42.701  INFO [-,,,] 5054 --- [    Test worker] c.t.t.d.tracing.TestService1Consumer     : Started TestService1Consumer in 7.37 seconds (JVM running for 9.083)
2017-02-12 22:09:42.815  INFO [-,,,] 5054 --- [    Test worker] org.apache.zookeeper.ZooKeeper           : Client environment:zookeeper.version=3.4.8--1, built on 02/06/2016 03:18 GMT
2017-02-12 22:09:42.816  INFO [-,,,] 5054 --- [    Test worker] org.apache.zookeeper.ZooKeeper           : Client environment:host.name=192.168.3.24
2017-02-12 22:09:42.816  INFO [-,,,] 5054 --- [    Test worker] org.apache.zookeeper.ZooKeeper           : Client environment:java.version=1.8.0_77
2017-02-12 22:09:42.817  INFO [-,,,] 5054 --- [    Test worker] org.apache.zookeeper.ZooKeeper           : Client environment:java.vendor=Oracle Corporation
2017-02-12 22:09:42.817  INFO [-,,,] 5054 --- [    Test worker] org.apache.zookeeper.ZooKeeper           : Client environment:java.home=/Library/Java/JavaVirtualMachines/jdk1.8.0_77.jdk/Contents/Home/jre
2017-02-12 22:09:42.818  INFO [-,,,] 5054 --- [    Test worker] org.apache.zookeeper.ZooKeeper           : Client environment:java.class.path=/Users/three/workspaces/github-projs/spring-boot-dubbo-zipkin/build/classes/test:/Users/three/workspaces/github-projs/spring-boot-dubbo-zipkin/build/resources/test:/Users/three/workspaces/github-projs/spring-boot-dubbo-zipkin/build/classes/main:/Users/three/workspaces/github-projs/spring-boot-dubbo-zipkin/build/resources/main:/Users/three/.m2/repository/com/github/sgroschupf/zkclient/0.1/zkclient-0.1.jar:/Users/three/.gradle/caches/modules-2/files-2.1/org.apache.zookeeper/zookeeper/3.4.8/933ea2ed15e6a0e24b788973e3d128ff163c3136/zookeeper-3.4.8.jar:/Users/three/.gradle/caches/modules-2/files-2.1/org.springframework.cloud/spring-cloud-starter-zipkin/1.1.2.RELEASE/ac8880e2d2da7bd65c0a09df92fa106a101e0754/spring-cloud-starter-zipkin-1.1.2.RELEASE.jar:/Users/three/.gradle/caches/modules-2/files-2.1/org.springframework.boot/spring-boot-starter/1.3.6.RELEASE/eb4181e48cbe0edab189b114e63c18593b23b77d/spring-boot-starter-1.3.6.RELEASE.jar:/Users/three/.gradle/caches/modules-2/files-2.1/org.springframework.boot/spring-boot-starter-undertow/1.3.6.RELEASE/6664c96330e4fb63ec5fe3b3dc5fbd10f31550f1/spring-boot-starter-undertow-1.3.6.RELEASE.jar:/Users/three/.gradle/caches/modules-2/files-2.1/com.alibaba/dubbo/2.5.3/2e1ff426ec0f9457f69ab50a9821f2506ff18967/dubbo-2.5.3.jar:/Users/three/.m2/repository/junit/junit/4.12/junit-4.12.jar:/Users/three/.gradle/caches/modules-2/files-2.1/org.springframework.boot/spring-boot-starter-test/1.3.6.RELEASE/40f7d3f1b736b974e93f53b12c941f686a372ccd/spring-boot-starter-test-1.3.6.RELEASE.jar:/Users/three/.m2/repository/log4j/log4j/1.2.17/log4j-1.2.17.jar:/Users/three/.m2/repository/org/slf4j/slf4j-api/1.7.21/slf4j-api-1.7.21.jar:/Users/three/.m2/repository/jline/jline/0.9.94/jline-0.9.94.jar:/Users/three/.m2/repository/io/netty/netty/3.7.0.Final/netty-3.7.0.Final.jar:/Users/three/.gradle/caches/modules-2/files-2.1/org.springframework.cloud/spring-cloud-starter-sleuth/1.1.2.RELEASE/52cf2270cc9957687089a989fb4214ad55448916/spring-cloud-starter-sleuth-1.1.2.RELEASE.jar:/Users/three/.gradle/caches/modules-2/files-2.1/org.springframework.cloud/spring-cloud-sleuth-zipkin/1.1.2.RELEASE/fde8144f14a78e503e1fa1cd0a4036837987f04f/spring-cloud-sleuth-zipkin-1.1.2.RELEASE.jar:/Users/three/.gradle/caches/modules-2/files-2.1/org.springframework.boot/spring-boot/1.3.6.RELEASE/535e6024988998f891f1f9df403e804c093df06b/spring-boot-1.3.6.RELEASE.jar:/Users/three/.gradle/caches/modules-2/files-2.1/org.springframework.boot/spring-boot-autoconfigure/1.3.6.RELEASE/6cb3cc449960a537768b7060c3eab9ebb6a07773/spring-boot-autoconfigure-1.3.6.RELEASE.jar:/Users/three/.gradle/caches/modules-2/files-2.1/org.springframework.boot/spring-boot-starter-logging/1.3.6.RELEASE/194dc550f6d3b17067641085b6fd3d1c217202fd/spring-boot-starter-logging-1.3.6.RELEASE.jar:/Users/three/.gradle/caches/modules-2/files-2.1/org.springframework/spring-core/4.2.7.RELEASE/3d08f6f68e0654bf4be50559aec4218334189583/spring-core-4.2.7.RELEASE.jar:/Users/three/.gradle/caches/modules-2/files-2.1/org.yaml/snakeyaml/1.16/d64fb662c9e42789149f5078a62a22edda786c6a/snakeyaml-1.16.jar:/Users/three/.gradle/caches/modules-2/files-2.1/io.undertow/undertow-core/1.3.23.Final/161c831b0539d14aef24cdcdee465a6eef5313a2/undertow-core-1.3.23.Final.jar:/Users/three/.gradle/caches/modules-2/files-2.1/io.undertow/undertow-servlet/1.3.23.Final/5aab1626aeac74f48e4b29556d9d5331fc3fe289/undertow-servlet-1.3.23.Final.jar:/Users/three/.gradle/caches/modules-2/files-2.1/io.undertow/undertow-websockets-jsr/1.3.23.Final/5774609fab3c2afb37251629b2c14bb306d1739f/undertow-websockets-jsr-1.3.23.Final.jar:/Users/three/.m2/repository/javax/servlet/javax.servlet-api/3.1.0/javax.servlet-api-3.1.0.jar:/Users/three/.gradle/caches/modules-2/files-2.1/org.glassfish/javax.el/3.0.0/dd532526e7c8de48e40419e6af1183658a973379/javax.el-3.0.0.jar:/Users/three/.gradle/caches/modules-2/files-2.1/org.javassist/javassist/3.18.1-GA/d9a09f7732226af26bf99f19e2cffe0ae219db5b/javassist-3.18.1-GA.jar:/Users/three/.gradle/caches/modules-2/files-2.1/org.jboss.netty/netty/3.2.5.Final/60f6ce4af55b0fcd54dd6522cbf588de0387e2f5/netty-3.2.5.Final.jar:/Users/three/.m2/repository/org/hamcrest/hamcrest-core/1.3/hamcrest-core-1.3.jar:/Users/three/.m2/repository/org/mockito/mockito-core/1.10.19/mockito-core-1.10.19.jar:/Users/three/.m2/repository/org/hamcrest/hamcrest-library/1.3/hamcrest-library-1.3.jar:/Users/three/.gradle/caches/modules-2/files-2.1/org.springframework/spring-test/4.2.7.RELEASE/fdc494c1888dba0bc8e5a4c33f413cf1dea44e2d/spring-test-4.2.7.RELEASE.jar:/Users/three/.gradle/caches/modules-2/files-2.1/org.springframework.cloud/spring-cloud-starter/1.1.7.RELEASE/ea82f5a439ee46f5927b2b39a0d142cf7e2ea2a7/spring-cloud-starter-1.1.7.RELEASE.jar:/Users/three/.gradle/caches/modules-2/files-2.1/org.springframework.boot/spring-boot-starter-web/1.3.6.RELEASE/11ba900b5b21ce547bd902c0021d88c33b9608c2/spring-boot-starter-web-1.3.6.RELEASE.jar:/Users/three/.gradle/caches/modules-2/files-2.1/org.springframework.boot/spring-boot-starter-actuator/1.3.6.RELEASE/fea30b6b68e33d58b1022260ced5170b2146c748/spring-boot-starter-actuator-1.3.6.RELEASE.jar:/Users/three/.gradle/caches/modules-2/files-2.1/org.springframework.boot/spring-boot-starter-aop/1.3.6.RELEASE/15f54738986014219c98cfd2fddac67de17b3916/spring-boot-starter-aop-1.3.6.RELEASE.jar:/Users/three/.gradle/caches/modules-2/files-2.1/org.springframework.cloud/spring-cloud-sleuth-core/1.1.2.RELEASE/484ca3e9ed431551e98efed70bd0cdedeebace8c/spring-cloud-sleuth-core-1.1.2.RELEASE.jar:/Users/three/.gradle/caches/modules-2/files-2.1/org.springframework.cloud/spring-cloud-commons/1.1.7.RELEASE/2c6228bece1e3d3e7d6180715c0429a450355710/spring-cloud-commons-1.1.7.RELEASE.jar:/Users/three/.gradle/caches/modules-2/files-2.1/io.zipkin.java/zipkin/1.19.2/5fc874888d9c27b3a244746d32dc8a5dda76c336/zipkin-1.19.2.jar:/Users/three/.gradle/caches/modules-2/files-2.1/io.zipkin.reporter/zipkin-reporter/0.6.12/3c09f2ab3a1df2490dff79cd074a3144b9ed1192/zipkin-reporter-0.6.12.jar:/Users/three/.gradle/caches/modules-2/files-2.1/io.zipkin.reporter/zipkin-sender-urlconnection/0.6.12/1722b35305223cb31b435ac4b6a5d53f4bead883/zipkin-sender-urlconnection-0.6.12.jar:/Users/three/.gradle/caches/modules-2/files-2.1/org.springframework/spring-context/4.2.7.RELEASE/289f2906943827d37de89240dbac8fe4b315a838/spring-context-4.2.7.RELEASE.jar:/Users/three/.m2/repository/ch/qos/logback/logback-classic/1.1.7/logback-classic-1.1.7.jar:/Users/three/.m2/repository/org/slf4j/jcl-over-slf4j/1.7.21/jcl-over-slf4j-1.7.21.jar:/Users/three/.m2/repository/org/slf4j/jul-to-slf4j/1.7.21/jul-to-slf4j-1.7.21.jar:/Users/three/.m2/repository/org/slf4j/log4j-over-slf4j/1.7.21/log4j-over-slf4j-1.7.21.jar:/Users/three/.m2/repository/org/jboss/logging/jboss-logging/3.3.0.Final/jboss-logging-3.3.0.Final.jar:/Users/three/.gradle/caches/modules-2/files-2.1/org.jboss.xnio/xnio-api/3.3.6.Final/a56420f5d0327ddb4eab47bdb4178ea1df480df3/xnio-api-3.3.6.Final.jar:/Users/three/.gradle/caches/modules-2/files-2.1/org.jboss.xnio/xnio-nio/3.3.6.Final/49098a2d34fcfc18360049aaa4679518de165b6/xnio-nio-3.3.6.Final.jar:/Users/three/.gradle/caches/modules-2/files-2.1/org.jboss.spec.javax.annotation/jboss-annotations-api_1.2_spec/1.0.0.Final/6d7ff02a645227876ed550900d32d618b8f0d556/jboss-annotations-api_1.2_spec-1.0.0.Final.jar:/Users/three/.gradle/caches/modules-2/files-2.1/org.jboss.spec.javax.websocket/jboss-websocket-api_1.1_spec/1.1.0.Final/a89cc6c8f15c06aed6fe81482e168248ad7c76d3/jboss-websocket-api_1.1_spec-1.1.0.Final.jar:/Users/three/.m2/repository/org/objenesis/objenesis/2.1/objenesis-2.1.jar:/Users/three/.gradle/caches/modules-2/files-2.1/org.springframework.cloud/spring-cloud-context/1.1.7.RELEASE/7e5f3b5d42a44fabac4de31a6279dd7b65d3b2aa/spring-cloud-context-1.1.7.RELEASE.jar:/Users/three/.gradle/caches/modules-2/files-2.1/org.springframework.security/spring-security-rsa/1.0.3.RELEASE/b0b1ee770597b5de1b51e9a889dfd2dc35d251b0/spring-security-rsa-1.0.3.RELEASE.jar:/Users/three/.gradle/caches/modules-2/files-2.1/org.springframework.boot/spring-boot-starter-validation/1.3.6.RELEASE/a5bdd9fe7c9f510353ce01db3de4759c719c8d82/spring-boot-starter-validation-1.3.6.RELEASE.jar:/Users/three/.gradle/caches/modules-2/files-2.1/com.fasterxml.jackson.core/jackson-databind/2.6.7/1857f49ee9dffe1c8d17d4c3980e0d713af2806/jackson-databind-2.6.7.jar:/Users/three/.gradle/caches/modules-2/files-2.1/org.springframework/spring-web/4.2.7.RELEASE/ff3ac136a3cc9103eeab648ab32a9001a831038d/spring-web-4.2.7.RELEASE.jar:/Users/three/.gradle/caches/modules-2/files-2.1/org.springframework/spring-webmvc/4.2.7.RELEASE/713f63ac5971bd09f019aac0db1fb44c5693ca7/spring-webmvc-4.2.7.RELEASE.jar:/Users/three/.gradle/caches/modules-2/files-2.1/org.springframework.boot/spring-boot-actuator/1.3.6.RELEASE/eaffe2d9dcf1306eccfcc6a80f1555abee0adc95/spring-boot-actuator-1.3.6.RELEASE.jar:/Users/three/.gradle/caches/modules-2/files-2.1/org.springframework/spring-aop/4.2.7.RELEASE/bd65f97ba61fd3dcc0b74765d3fa388aeb388aa7/spring-aop-4.2.7.RELEASE.jar:/Users/three/.gradle/caches/modules-2/files-2.1/org.aspectj/aspectjweaver/1.8.9/db28774f477f07220eac18d5ec9c4e01f48589d7/aspectjweaver-1.8.9.jar:/Users/three/.gradle/caches/modules-2/files-2.1/org.aspectj/aspectjrt/1.8.9/87372d9e2323313bec24b09a325bfea8ae0eb867/aspectjrt-1.8.9.jar:/Users/three/.gradle/caches/modules-2/files-2.1/org.springframework.security/spring-security-crypto/4.0.4.RELEASE/26da39c04b45b12cf4e6e31ee0406531c0187ee3/spring-security-crypto-4.0.4.RELEASE.jar:/Users/three/.gradle/caches/modules-2/files-2.1/org.springframework/spring-beans/4.2.7.RELEASE/ae0501728c0ee072e25cb5e11b63b883c0786b4b/spring-beans-4.2.7.RELEASE.jar:/Users/three/.gradle/caches/modules-2/files-2.1/org.springframework/spring-expression/4.2.7.RELEASE/547b8e02f5e219f6c8c8f84675d0cd7a8a6e92cf/spring-expression-4.2.7.RELEASE.jar:/Users/three/.m2/repository/ch/qos/logback/logback-core/1.1.7/logback-core-1.1.7.jar:/Users/three/.gradle/caches/modules-2/files-2.1/org.bouncycastle/bcpkix-jdk15on/1.55/6392d8cba22b722c6570d660ca0b3921ff1bae4f/bcpkix-jdk15on-1.55.jar:/Users/three/.gradle/caches/modules-2/files-2.1/org.apache.tomcat.embed/tomcat-embed-el/8.0.36/afe18071fd9a8bfd63d053fedb18d113619e420e/tomcat-embed-el-8.0.36.jar:/Users/three/.m2/repository/org/hibernate/hibernate-validator/5.2.4.Final/hibernate-validator-5.2.4.Final.jar:/Users/three/.gradle/caches/modules-2/files-2.1/com.fasterxml.jackson.core/jackson-annotations/2.6.7/7e08eafe72cbd11c955d92109108bd2bfaab979e/jackson-annotations-2.6.7.jar:/Users/three/.gradle/caches/modules-2/files-2.1/com.fasterxml.jackson.core/jackson-core/2.6.7/81838e08d5e10e33cdee7299f9682d836b78c63e/jackson-core-2.6.7.jar:/Users/three/.m2/repository/aopalliance/aopalliance/1.0/aopalliance-1.0.jar:/Users/three/.gradle/caches/modules-2/files-2.1/org.bouncycastle/bcprov-jdk15on/1.55/935f2e57a00ec2c489cbd2ad830d4a399708f979/bcprov-jdk15on-1.55.jar:/Users/three/.m2/repository/javax/validation/validation-api/1.1.0.Final/validation-api-1.1.0.Final.jar:/Users/three/.gradle/caches/modules-2/files-2.1/com.fasterxml/classmate/1.1.0/dbbd699a1486ad0f2ed6f5af6cfed66acacb9056/classmate-1.1.0.jar
2017-02-12 22:09:42.820  INFO [-,,,] 5054 --- [    Test worker] org.apache.zookeeper.ZooKeeper           : Client environment:java.library.path=/Users/three/Library/Java/Extensions:/Library/Java/Extensions:/Network/Library/Java/Extensions:/System/Library/Java/Extensions:/usr/lib/java:.
2017-02-12 22:09:42.836  INFO [-,,,] 5054 --- [    Test worker] org.apache.zookeeper.ZooKeeper           : Client environment:java.io.tmpdir=/var/folders/s4/_w7_4cy539nckvz29xp7j98r0000gn/T/
2017-02-12 22:09:42.837  INFO [-,,,] 5054 --- [    Test worker] org.apache.zookeeper.ZooKeeper           : Client environment:java.compiler=<NA>
2017-02-12 22:09:42.844  INFO [-,,,] 5054 --- [    Test worker] org.apache.zookeeper.ZooKeeper           : Client environment:os.name=Mac OS X
2017-02-12 22:09:42.848  INFO [-,,,] 5054 --- [    Test worker] org.apache.zookeeper.ZooKeeper           : Client environment:os.arch=x86_64
2017-02-12 22:09:42.850  INFO [-,,,] 5054 --- [    Test worker] org.apache.zookeeper.ZooKeeper           : Client environment:os.version=10.12.3
2017-02-12 22:09:42.856  INFO [-,,,] 5054 --- [    Test worker] org.apache.zookeeper.ZooKeeper           : Client environment:user.name=three
2017-02-12 22:09:42.859  INFO [-,,,] 5054 --- [    Test worker] org.apache.zookeeper.ZooKeeper           : Client environment:user.home=/Users/three
2017-02-12 22:09:42.859  INFO [-,,,] 5054 --- [    Test worker] org.apache.zookeeper.ZooKeeper           : Client environment:user.dir=/Users/three/workspaces/github-projs/spring-boot-dubbo-zipkin
2017-02-12 22:09:42.864  INFO [-,,,] 5054 --- [    Test worker] org.apache.zookeeper.ZooKeeper           : Initiating client connection, connectString=127.0.0.1:2181 sessionTimeout=30000 watcher=org.I0Itec.zkclient.ZkClient@22fdc601
2017-02-12 22:09:42.902  INFO [-,,,] 5054 --- [127.0.0.1:2181)] org.apache.zookeeper.ClientCnxn          : Opening socket connection to server 127.0.0.1/127.0.0.1:2181. Will not attempt to authenticate using SASL (unknown error)
2017-02-12 22:09:42.917  INFO [-,,,] 5054 --- [127.0.0.1:2181)] org.apache.zookeeper.ClientCnxn          : Socket connection established to 127.0.0.1/127.0.0.1:2181, initiating session
2017-02-12 22:09:42.945  INFO [-,,,] 5054 --- [127.0.0.1:2181)] org.apache.zookeeper.ClientCnxn          : Session establishment complete on server 127.0.0.1/127.0.0.1:2181, sessionid = 0x15a321a5c840002, negotiated timeout = 30000
发送名字：  60ebcdd7-9aa7-4fb7-985d-a5249a2557ea
等待测试提交数据。。。
等待测试提交数据。。。
等待测试提交数据。。。
等待测试提交数据。。。
等待测试提交数据。。。
测试完毕。。。  Service1.hi：60ebcdd7-9aa7-4fb7-985d-a5249a2557ea  Service2.hi：60ebcdd7-9aa7-4fb7-985d-a5249a2557ea
]]></system-out>
  <system-err><![CDATA[log4j:WARN No appenders could be found for logger (com.alibaba.dubbo.common.logger.LoggerFactory).
log4j:WARN Please initialize the log4j system properly.
log4j:WARN See http://logging.apache.org/log4j/1.2/faq.html#noconfig for more info.
]]></system-err>
</testsuite>
