<?xml version="1.0" encoding="UTF-8"?>
<testsuite name="com.threeq.test.dubbo.tracing.TestService1Provider" tests="0" skipped="0" failures="0" errors="0" timestamp="1970-01-01T00:00:00" hostname="192.168.3.24" time="0.0">
  <properties/>
  <system-out><![CDATA[2017-02-12 22:09:59.315  INFO [-,,,] 5054 --- [    Test worker] o.s.t.c.support.AbstractContextLoader    : Could not detect default resource locations for test class [com.threeq.test.dubbo.tracing.TestService1Provider]: no resource found for suffixes {-context.xml, Context.groovy}.
2017-02-12 22:09:59.324  INFO [-,,,] 5054 --- [    Test worker] o.s.t.c.s.DefaultTestContextBootstrapper : Loaded default TestExecutionListener class names from location [META-INF/spring.factories]: [org.springframework.test.context.web.ServletTestExecutionListener, org.springframework.test.context.support.DirtiesContextBeforeModesTestExecutionListener, org.springframework.test.context.support.DependencyInjectionTestExecutionListener, org.springframework.test.context.support.DirtiesContextTestExecutionListener, org.springframework.test.context.transaction.TransactionalTestExecutionListener, org.springframework.test.context.jdbc.SqlScriptsTestExecutionListener]
2017-02-12 22:09:59.325  INFO [-,,,] 5054 --- [    Test worker] o.s.t.c.s.DefaultTestContextBootstrapper : Could not instantiate TestExecutionListener [org.springframework.test.context.jdbc.SqlScriptsTestExecutionListener]. Specify custom listener classes or make the default listener classes (and their required dependencies) available. Offending class: [org/springframework/transaction/interceptor/TransactionAttribute]
2017-02-12 22:09:59.326  INFO [-,,,] 5054 --- [    Test worker] o.s.t.c.s.DefaultTestContextBootstrapper : Could not instantiate TestExecutionListener [org.springframework.test.context.transaction.TransactionalTestExecutionListener]. Specify custom listener classes or make the default listener classes (and their required dependencies) available. Offending class: [org/springframework/transaction/interceptor/TransactionAttributeSource]
2017-02-12 22:09:59.326  INFO [-,,,] 5054 --- [    Test worker] o.s.t.c.s.DefaultTestContextBootstrapper : Using TestExecutionListeners: [org.springframework.test.context.web.ServletTestExecutionListener@192fa3b0, org.springframework.test.context.support.DirtiesContextBeforeModesTestExecutionListener@76ab7f56, org.springframework.test.context.support.DependencyInjectionTestExecutionListener@1a708eae, org.springframework.test.context.support.DirtiesContextTestExecutionListener@6f97749]
]]></system-out>
  <system-err><![CDATA[]]></system-err>
</testsuite>
